Connecting to database specified by database.yml


Started GET "/assets/rails.png" for 127.0.0.1 at 2013-06-02 14:13:16 -0400
Served asset /rails.png - 200 OK (11ms)


Started GET "/rails/info/properties" for 127.0.0.1 at 2013-06-02 14:13:25 -0400
Processing by Rails::InfoController#properties as */*
  Rendered inline template (2.0ms)
Completed 200 OK in 13ms (Views: 12.0ms | ActiveRecord: 0.0ms)


Started GET "/assets/rails.png" for 127.0.0.1 at 2013-06-02 14:15:27 -0400
Served asset /rails.png - 304 Not Modified (0ms)


Started GET "/assets/rails.png" for 127.0.0.1 at 2013-06-02 14:16:15 -0400
Served asset /rails.png - 304 Not Modified (0ms)
Connecting to database specified by database.yml


Started GET "/assets/rails.png" for 127.0.0.1 at 2013-06-02 14:28:16 -0400
Served asset /rails.png - 304 Not Modified (1ms)
Connecting to database specified by database.yml


Started GET "/assets/rails.png" for 127.0.0.1 at 2013-06-02 14:29:20 -0400
Served asset /rails.png - 304 Not Modified (2ms)
Connecting to database specified by database.yml


Started GET "/assets/rails.png" for 127.0.0.1 at 2013-06-02 23:49:18 -0400
Served asset /rails.png - 304 Not Modified (2ms)
Connecting to database specified by database.yml
Connecting to database specified by database.yml


Started GET "/assets/rails.png" for 127.0.0.1 at 2013-06-04 18:44:14 -0400
Served asset /rails.png - 304 Not Modified (12ms)
Connecting to database specified by database.yml
Connecting to database specified by database.yml
Connecting to database specified by database.yml


Started GET "/static_pages/home" for 127.0.0.1 at 2013-06-04 19:12:13 -0400
Processing by StaticPagesController#home as HTML
  Rendered static_pages/home.html.erb within layouts/application (9.0ms)
Compiled static_pages.css  (17ms)  (pid 3452)
Compiled application.css  (29ms)  (pid 3452)
Compiled jquery.js  (1ms)  (pid 3452)
Compiled jquery_ujs.js  (1ms)  (pid 3452)
Compiled static_pages.js  (220ms)  (pid 3452)
Compiled application.js  (306ms)  (pid 3452)
Completed 200 OK in 476ms (Views: 476.0ms | ActiveRecord: 0.0ms)


Started GET "/assets/application.css?body=1" for 127.0.0.1 at 2013-06-04 19:12:13 -0400
Served asset /application.css - 304 Not Modified (3ms)


Started GET "/assets/static_pages.css?body=1" for 127.0.0.1 at 2013-06-04 19:12:13 -0400
Served asset /static_pages.css - 200 OK (0ms)


Started GET "/assets/jquery.js?body=1" for 127.0.0.1 at 2013-06-04 19:12:13 -0400
Served asset /jquery.js - 304 Not Modified (12ms)


Started GET "/assets/static_pages.js?body=1" for 127.0.0.1 at 2013-06-04 19:12:13 -0400
Served asset /static_pages.js - 200 OK (0ms)


Started GET "/assets/jquery_ujs.js?body=1" for 127.0.0.1 at 2013-06-04 19:12:13 -0400
Served asset /jquery_ujs.js - 304 Not Modified (2ms)


Started GET "/assets/application.js?body=1" for 127.0.0.1 at 2013-06-04 19:12:13 -0400
Served asset /application.js - 304 Not Modified (4ms)


Started GET "/assets/rails.png" for 127.0.0.1 at 2013-06-04 19:12:22 -0400
Served asset /rails.png - 200 OK (0ms)


Started GET "/static_pages/help" for 127.0.0.1 at 2013-06-04 19:12:31 -0400
Processing by StaticPagesController#help as HTML
  Rendered static_pages/help.html.erb within layouts/application (0.0ms)
Completed 200 OK in 6ms (Views: 5.0ms | ActiveRecord: 0.0ms)


Started GET "/assets/application.css?body=1" for 127.0.0.1 at 2013-06-04 19:12:31 -0400
Served asset /application.css - 304 Not Modified (0ms)


Started GET "/assets/jquery.js?body=1" for 127.0.0.1 at 2013-06-04 19:12:31 -0400
Served asset /jquery.js - 304 Not Modified (0ms)


Started GET "/assets/jquery_ujs.js?body=1" for 127.0.0.1 at 2013-06-04 19:12:31 -0400
Served asset /jquery_ujs.js - 304 Not Modified (0ms)


Started GET "/assets/application.js?body=1" for 127.0.0.1 at 2013-06-04 19:12:31 -0400
Served asset /application.js - 304 Not Modified (0ms)
Connecting to database specified by database.yml
Connecting to database specified by database.yml
Connecting to database specified by database.yml
Connecting to database specified by database.yml


Started GET "/assets/rails.png" for 127.0.0.1 at 2013-06-04 19:39:48 -0400
Served asset /rails.png - 304 Not Modified (0ms)


Started GET "/static_pages/home" for 127.0.0.1 at 2013-06-04 19:39:54 -0400
Processing by StaticPagesController#home as HTML
  Rendered static_pages/home.html.erb within layouts/application (13.0ms)
Completed 200 OK in 40ms (Views: 40.0ms | ActiveRecord: 0.0ms)


Started GET "/assets/application.css?body=1" for 127.0.0.1 at 2013-06-04 19:39:54 -0400
Served asset /application.css - 304 Not Modified (3ms)


Started GET "/assets/static_pages.css?body=1" for 127.0.0.1 at 2013-06-04 19:39:54 -0400
Served asset /static_pages.css - 304 Not Modified (1ms)


Started GET "/assets/jquery.js?body=1" for 127.0.0.1 at 2013-06-04 19:39:55 -0400
Served asset /jquery.js - 304 Not Modified (1ms)


Started GET "/assets/jquery_ujs.js?body=1" for 127.0.0.1 at 2013-06-04 19:39:55 -0400
Served asset /jquery_ujs.js - 304 Not Modified (2ms)


Started GET "/assets/static_pages.js?body=1" for 127.0.0.1 at 2013-06-04 19:39:55 -0400
Served asset /static_pages.js - 304 Not Modified (1ms)


Started GET "/assets/application.js?body=1" for 127.0.0.1 at 2013-06-04 19:39:55 -0400
Served asset /application.js - 304 Not Modified (14ms)


Started GET "/static_pages/help" for 127.0.0.1 at 2013-06-04 19:40:01 -0400
Processing by StaticPagesController#help as HTML
  Rendered static_pages/help.html.erb within layouts/application (0.0ms)
Completed 200 OK in 6ms (Views: 6.0ms | ActiveRecord: 0.0ms)


Started GET "/assets/application.css?body=1" for 127.0.0.1 at 2013-06-04 19:40:01 -0400
Served asset /application.css - 304 Not Modified (0ms)


Started GET "/assets/static_pages.css?body=1" for 127.0.0.1 at 2013-06-04 19:40:01 -0400
Served asset /static_pages.css - 304 Not Modified (0ms)


Started GET "/assets/jquery.js?body=1" for 127.0.0.1 at 2013-06-04 19:40:01 -0400
Served asset /jquery.js - 304 Not Modified (0ms)


Started GET "/assets/jquery_ujs.js?body=1" for 127.0.0.1 at 2013-06-04 19:40:01 -0400
Served asset /jquery_ujs.js - 304 Not Modified (0ms)


Started GET "/assets/static_pages.js?body=1" for 127.0.0.1 at 2013-06-04 19:40:01 -0400
Served asset /static_pages.js - 304 Not Modified (1ms)


Started GET "/assets/application.js?body=1" for 127.0.0.1 at 2013-06-04 19:40:01 -0400
Served asset /application.js - 304 Not Modified (0ms)


Started GET "/assets/rails.png" for 127.0.0.1 at 2013-06-04 19:40:13 -0400
Served asset /rails.png - 304 Not Modified (0ms)
Connecting to database specified by database.yml


Started GET "/assets/rails.png" for 127.0.0.1 at 2013-06-04 19:54:11 -0400
Served asset /rails.png - 304 Not Modified (2ms)


Started GET "/assets/rails.png" for 127.0.0.1 at 2013-06-04 19:54:12 -0400
Served asset /rails.png - 304 Not Modified (0ms)


Started GET "/users" for 127.0.0.1 at 2013-06-04 19:54:25 -0400

ActionController::RoutingError (No route matches [GET] "/users"):
  actionpack (3.2.13) lib/action_dispatch/middleware/debug_exceptions.rb:21:in `call'
  actionpack (3.2.13) lib/action_dispatch/middleware/show_exceptions.rb:56:in `call'
  railties (3.2.13) lib/rails/rack/logger.rb:32:in `call_app'
  railties (3.2.13) lib/rails/rack/logger.rb:16:in `block in call'
  activesupport (3.2.13) lib/active_support/tagged_logging.rb:22:in `tagged'
  railties (3.2.13) lib/rails/rack/logger.rb:16:in `call'
  actionpack (3.2.13) lib/action_dispatch/middleware/request_id.rb:22:in `call'
  rack (1.4.5) lib/rack/methodoverride.rb:21:in `call'
  rack (1.4.5) lib/rack/runtime.rb:17:in `call'
  activesupport (3.2.13) lib/active_support/cache/strategy/local_cache.rb:72:in `call'
  rack (1.4.5) lib/rack/lock.rb:15:in `call'
  actionpack (3.2.13) lib/action_dispatch/middleware/static.rb:63:in `call'
  railties (3.2.13) lib/rails/engine.rb:479:in `call'
  railties (3.2.13) lib/rails/application.rb:223:in `call'
  rack (1.4.5) lib/rack/content_length.rb:14:in `call'
  railties (3.2.13) lib/rails/rack/log_tailer.rb:17:in `call'
  rack (1.4.5) lib/rack/handler/webrick.rb:59:in `service'
  C:/RailsInstaller/Ruby1.9.3/lib/ruby/1.9.1/webrick/httpserver.rb:138:in `service'
  C:/RailsInstaller/Ruby1.9.3/lib/ruby/1.9.1/webrick/httpserver.rb:94:in `run'
  C:/RailsInstaller/Ruby1.9.3/lib/ruby/1.9.1/webrick/server.rb:191:in `block in start_thread'


  Rendered C:/RailsInstaller/Ruby1.9.3/lib/ruby/gems/1.9.1/gems/actionpack-3.2.13/lib/action_dispatch/middleware/templates/rescues/routing_error.erb within rescues/layout (4.0ms)


Started GET "/static_pages/about" for 127.0.0.1 at 2013-06-04 19:54:42 -0400

SyntaxError (C:/Users/Josh/Documents/GitHub/TwitterApp/app/controllers/static_pages_controller.rb:11: syntax error, unexpected $end, expecting keyword_end):
  activesupport (3.2.13) lib/active_support/dependencies.rb:469:in `load'
  activesupport (3.2.13) lib/active_support/dependencies.rb:469:in `block in load_file'
  activesupport (3.2.13) lib/active_support/dependencies.rb:639:in `new_constants_in'
  activesupport (3.2.13) lib/active_support/dependencies.rb:468:in `load_file'
  activesupport (3.2.13) lib/active_support/dependencies.rb:353:in `require_or_load'
  activesupport (3.2.13) lib/active_support/dependencies.rb:502:in `load_missing_constant'
  activesupport (3.2.13) lib/active_support/dependencies.rb:192:in `block in const_missing'
  activesupport (3.2.13) lib/active_support/dependencies.rb:190:in `each'
  activesupport (3.2.13) lib/active_support/dependencies.rb:190:in `const_missing'
  activesupport (3.2.13) lib/active_support/inflector/methods.rb:230:in `block in constantize'
  activesupport (3.2.13) lib/active_support/inflector/methods.rb:229:in `each'
  activesupport (3.2.13) lib/active_support/inflector/methods.rb:229:in `constantize'
  activesupport (3.2.13) lib/active_support/dependencies.rb:554:in `get'
  actionpack (3.2.13) lib/action_dispatch/routing/route_set.rb:69:in `controller_reference'
  actionpack (3.2.13) lib/action_dispatch/routing/route_set.rb:54:in `controller'
  actionpack (3.2.13) lib/action_dispatch/routing/route_set.rb:32:in `call'
  journey (1.0.4) lib/journey/router.rb:68:in `block in call'
  journey (1.0.4) lib/journey/router.rb:56:in `each'
  journey (1.0.4) lib/journey/router.rb:56:in `call'
  actionpack (3.2.13) lib/action_dispatch/routing/route_set.rb:612:in `call'
  actionpack (3.2.13) lib/action_dispatch/middleware/best_standards_support.rb:17:in `call'
  rack (1.4.5) lib/rack/etag.rb:23:in `call'
  rack (1.4.5) lib/rack/conditionalget.rb:25:in `call'
  actionpack (3.2.13) lib/action_dispatch/middleware/head.rb:14:in `call'
  actionpack (3.2.13) lib/action_dispatch/middleware/params_parser.rb:21:in `call'
  actionpack (3.2.13) lib/action_dispatch/middleware/flash.rb:242:in `call'
  rack (1.4.5) lib/rack/session/abstract/id.rb:210:in `context'
  rack (1.4.5) lib/rack/session/abstract/id.rb:205:in `call'
  actionpack (3.2.13) lib/action_dispatch/middleware/cookies.rb:341:in `call'
  activerecord (3.2.13) lib/active_record/query_cache.rb:64:in `call'
  activerecord (3.2.13) lib/active_record/connection_adapters/abstract/connection_pool.rb:479:in `call'
  actionpack (3.2.13) lib/action_dispatch/middleware/callbacks.rb:28:in `block in call'
  activesupport (3.2.13) lib/active_support/callbacks.rb:405:in `_run__99407325__call__471095896__callbacks'
  activesupport (3.2.13) lib/active_support/callbacks.rb:405:in `__run_callback'
  activesupport (3.2.13) lib/active_support/callbacks.rb:385:in `_run_call_callbacks'
  activesupport (3.2.13) lib/active_support/callbacks.rb:81:in `run_callbacks'
  actionpack (3.2.13) lib/action_dispatch/middleware/callbacks.rb:27:in `call'
  actionpack (3.2.13) lib/action_dispatch/middleware/reloader.rb:65:in `call'
  actionpack (3.2.13) lib/action_dispatch/middleware/remote_ip.rb:31:in `call'
  actionpack (3.2.13) lib/action_dispatch/middleware/debug_exceptions.rb:16:in `call'
  actionpack (3.2.13) lib/action_dispatch/middleware/show_exceptions.rb:56:in `call'
  railties (3.2.13) lib/rails/rack/logger.rb:32:in `call_app'
  railties (3.2.13) lib/rails/rack/logger.rb:16:in `block in call'
  activesupport (3.2.13) lib/active_support/tagged_logging.rb:22:in `tagged'
  railties (3.2.13) lib/rails/rack/logger.rb:16:in `call'
  actionpack (3.2.13) lib/action_dispatch/middleware/request_id.rb:22:in `call'
  rack (1.4.5) lib/rack/methodoverride.rb:21:in `call'
  rack (1.4.5) lib/rack/runtime.rb:17:in `call'
  activesupport (3.2.13) lib/active_support/cache/strategy/local_cache.rb:72:in `call'
  rack (1.4.5) lib/rack/lock.rb:15:in `call'
  actionpack (3.2.13) lib/action_dispatch/middleware/static.rb:63:in `call'
  railties (3.2.13) lib/rails/engine.rb:479:in `call'
  railties (3.2.13) lib/rails/application.rb:223:in `call'
  rack (1.4.5) lib/rack/content_length.rb:14:in `call'
  railties (3.2.13) lib/rails/rack/log_tailer.rb:17:in `call'
  rack (1.4.5) lib/rack/handler/webrick.rb:59:in `service'
  C:/RailsInstaller/Ruby1.9.3/lib/ruby/1.9.1/webrick/httpserver.rb:138:in `service'
  C:/RailsInstaller/Ruby1.9.3/lib/ruby/1.9.1/webrick/httpserver.rb:94:in `run'
  C:/RailsInstaller/Ruby1.9.3/lib/ruby/1.9.1/webrick/server.rb:191:in `block in start_thread'


  Rendered C:/RailsInstaller/Ruby1.9.3/lib/ruby/gems/1.9.1/gems/actionpack-3.2.13/lib/action_dispatch/middleware/templates/rescues/_trace.erb (1.0ms)
  Rendered C:/RailsInstaller/Ruby1.9.3/lib/ruby/gems/1.9.1/gems/actionpack-3.2.13/lib/action_dispatch/middleware/templates/rescues/_request_and_response.erb (8.0ms)
  Rendered C:/RailsInstaller/Ruby1.9.3/lib/ruby/gems/1.9.1/gems/actionpack-3.2.13/lib/action_dispatch/middleware/templates/rescues/diagnostics.erb within rescues/layout (74.0ms)


Started GET "/static_pages/about" for 127.0.0.1 at 2013-06-04 19:55:03 -0400

SyntaxError (C:/Users/Josh/Documents/GitHub/TwitterApp/app/controllers/static_pages_controller.rb:11: syntax error, unexpected $end, expecting keyword_end):
  activesupport (3.2.13) lib/active_support/dependencies.rb:469:in `load'
  activesupport (3.2.13) lib/active_support/dependencies.rb:469:in `block in load_file'
  activesupport (3.2.13) lib/active_support/dependencies.rb:639:in `new_constants_in'
  activesupport (3.2.13) lib/active_support/dependencies.rb:468:in `load_file'
  activesupport (3.2.13) lib/active_support/dependencies.rb:353:in `require_or_load'
  activesupport (3.2.13) lib/active_support/dependencies.rb:502:in `load_missing_constant'
  activesupport (3.2.13) lib/active_support/dependencies.rb:192:in `block in const_missing'
  activesupport (3.2.13) lib/active_support/dependencies.rb:190:in `each'
  activesupport (3.2.13) lib/active_support/dependencies.rb:190:in `const_missing'
  activesupport (3.2.13) lib/active_support/inflector/methods.rb:230:in `block in constantize'
  activesupport (3.2.13) lib/active_support/inflector/methods.rb:229:in `each'
  activesupport (3.2.13) lib/active_support/inflector/methods.rb:229:in `constantize'
  activesupport (3.2.13) lib/active_support/dependencies.rb:554:in `get'
  actionpack (3.2.13) lib/action_dispatch/routing/route_set.rb:69:in `controller_reference'
  actionpack (3.2.13) lib/action_dispatch/routing/route_set.rb:54:in `controller'
  actionpack (3.2.13) lib/action_dispatch/routing/route_set.rb:32:in `call'
  journey (1.0.4) lib/journey/router.rb:68:in `block in call'
  journey (1.0.4) lib/journey/router.rb:56:in `each'
  journey (1.0.4) lib/journey/router.rb:56:in `call'
  actionpack (3.2.13) lib/action_dispatch/routing/route_set.rb:612:in `call'
  actionpack (3.2.13) lib/action_dispatch/middleware/best_standards_support.rb:17:in `call'
  rack (1.4.5) lib/rack/etag.rb:23:in `call'
  rack (1.4.5) lib/rack/conditionalget.rb:25:in `call'
  actionpack (3.2.13) lib/action_dispatch/middleware/head.rb:14:in `call'
  actionpack (3.2.13) lib/action_dispatch/middleware/params_parser.rb:21:in `call'
  actionpack (3.2.13) lib/action_dispatch/middleware/flash.rb:242:in `call'
  rack (1.4.5) lib/rack/session/abstract/id.rb:210:in `context'
  rack (1.4.5) lib/rack/session/abstract/id.rb:205:in `call'
  actionpack (3.2.13) lib/action_dispatch/middleware/cookies.rb:341:in `call'
  activerecord (3.2.13) lib/active_record/query_cache.rb:64:in `call'
  activerecord (3.2.13) lib/active_record/connection_adapters/abstract/connection_pool.rb:479:in `call'
  actionpack (3.2.13) lib/action_dispatch/middleware/callbacks.rb:28:in `block in call'
  activesupport (3.2.13) lib/active_support/callbacks.rb:405:in `_run__99407325__call__471095896__callbacks'
  activesupport (3.2.13) lib/active_support/callbacks.rb:405:in `__run_callback'
  activesupport (3.2.13) lib/active_support/callbacks.rb:385:in `_run_call_callbacks'
  activesupport (3.2.13) lib/active_support/callbacks.rb:81:in `run_callbacks'
  actionpack (3.2.13) lib/action_dispatch/middleware/callbacks.rb:27:in `call'
  actionpack (3.2.13) lib/action_dispatch/middleware/reloader.rb:65:in `call'
  actionpack (3.2.13) lib/action_dispatch/middleware/remote_ip.rb:31:in `call'
  actionpack (3.2.13) lib/action_dispatch/middleware/debug_exceptions.rb:16:in `call'
  actionpack (3.2.13) lib/action_dispatch/middleware/show_exceptions.rb:56:in `call'
  railties (3.2.13) lib/rails/rack/logger.rb:32:in `call_app'
  railties (3.2.13) lib/rails/rack/logger.rb:16:in `block in call'
  activesupport (3.2.13) lib/active_support/tagged_logging.rb:22:in `tagged'
  railties (3.2.13) lib/rails/rack/logger.rb:16:in `call'
  actionpack (3.2.13) lib/action_dispatch/middleware/request_id.rb:22:in `call'
  rack (1.4.5) lib/rack/methodoverride.rb:21:in `call'
  rack (1.4.5) lib/rack/runtime.rb:17:in `call'
  activesupport (3.2.13) lib/active_support/cache/strategy/local_cache.rb:72:in `call'
  rack (1.4.5) lib/rack/lock.rb:15:in `call'
  actionpack (3.2.13) lib/action_dispatch/middleware/static.rb:63:in `call'
  railties (3.2.13) lib/rails/engine.rb:479:in `call'
  railties (3.2.13) lib/rails/application.rb:223:in `call'
  rack (1.4.5) lib/rack/content_length.rb:14:in `call'
  railties (3.2.13) lib/rails/rack/log_tailer.rb:17:in `call'
  rack (1.4.5) lib/rack/handler/webrick.rb:59:in `service'
  C:/RailsInstaller/Ruby1.9.3/lib/ruby/1.9.1/webrick/httpserver.rb:138:in `service'
  C:/RailsInstaller/Ruby1.9.3/lib/ruby/1.9.1/webrick/httpserver.rb:94:in `run'
  C:/RailsInstaller/Ruby1.9.3/lib/ruby/1.9.1/webrick/server.rb:191:in `block in start_thread'


  Rendered C:/RailsInstaller/Ruby1.9.3/lib/ruby/gems/1.9.1/gems/actionpack-3.2.13/lib/action_dispatch/middleware/templates/rescues/_trace.erb (1.0ms)
  Rendered C:/RailsInstaller/Ruby1.9.3/lib/ruby/gems/1.9.1/gems/actionpack-3.2.13/lib/action_dispatch/middleware/templates/rescues/_request_and_response.erb (0.0ms)
  Rendered C:/RailsInstaller/Ruby1.9.3/lib/ruby/gems/1.9.1/gems/actionpack-3.2.13/lib/action_dispatch/middleware/templates/rescues/diagnostics.erb within rescues/layout (12.0ms)


Started GET "/static_pages/about" for 127.0.0.1 at 2013-06-04 19:55:35 -0400
Processing by StaticPagesController#about as HTML
  Rendered static_pages/about.html.erb within layouts/application (0.0ms)
Completed 200 OK in 24ms (Views: 24.0ms | ActiveRecord: 0.0ms)


Started GET "/assets/application.css?body=1" for 127.0.0.1 at 2013-06-04 19:55:35 -0400
Served asset /application.css - 304 Not Modified (2ms)


Started GET "/assets/static_pages.css?body=1" for 127.0.0.1 at 2013-06-04 19:55:35 -0400
Served asset /static_pages.css - 304 Not Modified (2ms)


Started GET "/assets/jquery.js?body=1" for 127.0.0.1 at 2013-06-04 19:55:35 -0400
Served asset /jquery.js - 304 Not Modified (12ms)


Started GET "/assets/jquery_ujs.js?body=1" for 127.0.0.1 at 2013-06-04 19:55:35 -0400
Served asset /jquery_ujs.js - 304 Not Modified (1ms)


Started GET "/assets/static_pages.js?body=1" for 127.0.0.1 at 2013-06-04 19:55:35 -0400
Served asset /static_pages.js - 304 Not Modified (1ms)


Started GET "/assets/application.js?body=1" for 127.0.0.1 at 2013-06-04 19:55:35 -0400
Served asset /application.js - 304 Not Modified (3ms)
Connecting to database specified by database.yml


Started GET "/static_pages/about" for 127.0.0.1 at 2013-06-04 20:24:20 -0400
Processing by StaticPagesController#about as HTML
  Rendered static_pages/about.html.erb (4.0ms)
Completed 200 OK in 19ms (Views: 19.0ms | ActiveRecord: 0.0ms)


Started GET "/static_pages/home" for 127.0.0.1 at 2013-06-04 20:24:30 -0400
Processing by StaticPagesController#home as HTML
  Rendered static_pages/home.html.erb (0.0ms)
Completed 200 OK in 2ms (Views: 2.0ms | ActiveRecord: 0.0ms)


Started GET "/static_pages/help" for 127.0.0.1 at 2013-06-04 20:24:34 -0400
Processing by StaticPagesController#help as HTML
  Rendered static_pages/help.html.erb (0.0ms)
Completed 200 OK in 3ms (Views: 2.0ms | ActiveRecord: 0.0ms)
Connecting to database specified by database.yml


Started GET "/static_pages/help" for 127.0.0.1 at 2013-06-04 21:35:04 -0400
Processing by StaticPagesController#help as HTML
  Rendered static_pages/help.html.erb within layouts/application (4.0ms)
Completed 200 OK in 40ms (Views: 40.0ms | ActiveRecord: 0.0ms)


Started GET "/assets/application.css?body=1" for 127.0.0.1 at 2013-06-04 21:35:04 -0400
Served asset /application.css - 304 Not Modified (1ms)


Started GET "/assets/static_pages.css?body=1" for 127.0.0.1 at 2013-06-04 21:35:04 -0400
Served asset /static_pages.css - 304 Not Modified (0ms)


Started GET "/assets/jquery.js?body=1" for 127.0.0.1 at 2013-06-04 21:35:04 -0400
Served asset /jquery.js - 304 Not Modified (12ms)


Started GET "/assets/jquery_ujs.js?body=1" for 127.0.0.1 at 2013-06-04 21:35:04 -0400
Served asset /jquery_ujs.js - 304 Not Modified (1ms)


Started GET "/assets/static_pages.js?body=1" for 127.0.0.1 at 2013-06-04 21:35:04 -0400
Served asset /static_pages.js - 304 Not Modified (1ms)


Started GET "/assets/application.js?body=1" for 127.0.0.1 at 2013-06-04 21:35:04 -0400
Served asset /application.js - 304 Not Modified (4ms)


Started GET "/static_pages/about" for 127.0.0.1 at 2013-06-04 21:35:08 -0400
Processing by StaticPagesController#about as HTML
  Rendered static_pages/about.html.erb within layouts/application (0.0ms)
Completed 200 OK in 15ms (Views: 15.0ms | ActiveRecord: 0.0ms)


Started GET "/assets/application.css?body=1" for 127.0.0.1 at 2013-06-04 21:35:08 -0400
Served asset /application.css - 304 Not Modified (0ms)


Started GET "/assets/static_pages.css?body=1" for 127.0.0.1 at 2013-06-04 21:35:08 -0400
Served asset /static_pages.css - 304 Not Modified (0ms)


Started GET "/assets/jquery.js?body=1" for 127.0.0.1 at 2013-06-04 21:35:08 -0400
Served asset /jquery.js - 304 Not Modified (0ms)


Started GET "/assets/jquery_ujs.js?body=1" for 127.0.0.1 at 2013-06-04 21:35:08 -0400
Served asset /jquery_ujs.js - 304 Not Modified (0ms)


Started GET "/assets/static_pages.js?body=1" for 127.0.0.1 at 2013-06-04 21:35:08 -0400
Served asset /static_pages.js - 304 Not Modified (0ms)


Started GET "/assets/application.js?body=1" for 127.0.0.1 at 2013-06-04 21:35:08 -0400
Served asset /application.js - 304 Not Modified (0ms)


Started GET "/static_pages/contact" for 127.0.0.1 at 2013-06-04 21:35:29 -0400
Processing by StaticPagesController#contact as HTML
  Rendered static_pages/contact.html.erb within layouts/application (0.0ms)
Completed 200 OK in 7ms (Views: 7.0ms | ActiveRecord: 0.0ms)


Started GET "/assets/application.css?body=1" for 127.0.0.1 at 2013-06-04 21:35:29 -0400
Served asset /application.css - 304 Not Modified (0ms)


Started GET "/assets/static_pages.css?body=1" for 127.0.0.1 at 2013-06-04 21:35:29 -0400
Served asset /static_pages.css - 304 Not Modified (0ms)


Started GET "/assets/jquery.js?body=1" for 127.0.0.1 at 2013-06-04 21:35:29 -0400
Served asset /jquery.js - 304 Not Modified (0ms)


Started GET "/assets/jquery_ujs.js?body=1" for 127.0.0.1 at 2013-06-04 21:35:29 -0400
Served asset /jquery_ujs.js - 304 Not Modified (0ms)


Started GET "/assets/static_pages.js?body=1" for 127.0.0.1 at 2013-06-04 21:35:29 -0400
Served asset /static_pages.js - 304 Not Modified (2ms)


Started GET "/assets/application.js?body=1" for 127.0.0.1 at 2013-06-04 21:35:29 -0400
Served asset /application.js - 304 Not Modified (0ms)


Started GET "/static_pages/about" for 127.0.0.1 at 2013-06-04 21:35:42 -0400
Processing by StaticPagesController#about as HTML
  Rendered static_pages/about.html.erb within layouts/application (0.0ms)
Completed 200 OK in 6ms (Views: 6.0ms | ActiveRecord: 0.0ms)


Started GET "/assets/application.css?body=1" for 127.0.0.1 at 2013-06-04 21:35:42 -0400
Served asset /application.css - 304 Not Modified (1ms)


Started GET "/assets/static_pages.css?body=1" for 127.0.0.1 at 2013-06-04 21:35:42 -0400
Served asset /static_pages.css - 304 Not Modified (0ms)


Started GET "/assets/jquery.js?body=1" for 127.0.0.1 at 2013-06-04 21:35:42 -0400
Served asset /jquery.js - 304 Not Modified (0ms)


Started GET "/assets/jquery_ujs.js?body=1" for 127.0.0.1 at 2013-06-04 21:35:42 -0400
Served asset /jquery_ujs.js - 304 Not Modified (0ms)


Started GET "/assets/static_pages.js?body=1" for 127.0.0.1 at 2013-06-04 21:35:43 -0400
Served asset /static_pages.js - 304 Not Modified (0ms)


Started GET "/assets/application.js?body=1" for 127.0.0.1 at 2013-06-04 21:35:43 -0400
Served asset /application.js - 304 Not Modified (1ms)


Started GET "/static_pages/home" for 127.0.0.1 at 2013-06-04 21:35:46 -0400
Processing by StaticPagesController#home as HTML
  Rendered static_pages/home.html.erb within layouts/application (0.0ms)
Completed 200 OK in 7ms (Views: 6.0ms | ActiveRecord: 0.0ms)


Started GET "/assets/application.css?body=1" for 127.0.0.1 at 2013-06-04 21:35:46 -0400
Served asset /application.css - 304 Not Modified (9ms)


Started GET "/assets/static_pages.css?body=1" for 127.0.0.1 at 2013-06-04 21:35:46 -0400
Served asset /static_pages.css - 304 Not Modified (0ms)


Started GET "/assets/jquery.js?body=1" for 127.0.0.1 at 2013-06-04 21:35:46 -0400
Served asset /jquery.js - 304 Not Modified (0ms)


Started GET "/assets/jquery_ujs.js?body=1" for 127.0.0.1 at 2013-06-04 21:35:46 -0400
Served asset /jquery_ujs.js - 304 Not Modified (0ms)


Started GET "/assets/static_pages.js?body=1" for 127.0.0.1 at 2013-06-04 21:35:46 -0400
Served asset /static_pages.js - 304 Not Modified (0ms)


Started GET "/assets/application.js?body=1" for 127.0.0.1 at 2013-06-04 21:35:46 -0400
Served asset /application.js - 304 Not Modified (0ms)


Started GET "/assets/rails.png" for 127.0.0.1 at 2013-06-04 21:35:50 -0400
Served asset /rails.png - 304 Not Modified (0ms)


Started GET "/static_pages/home" for 127.0.0.1 at 2013-06-04 21:50:09 -0400
Processing by StaticPagesController#home as HTML
  Rendered static_pages/home.html.erb within layouts/application (0.0ms)
Completed 200 OK in 5ms (Views: 5.0ms | ActiveRecord: 0.0ms)


Started GET "/assets/application.css?body=1" for 127.0.0.1 at 2013-06-04 21:50:09 -0400
Served asset /application.css - 304 Not Modified (0ms)


Started GET "/assets/static_pages.css?body=1" for 127.0.0.1 at 2013-06-04 21:50:09 -0400
Served asset /static_pages.css - 304 Not Modified (0ms)


Started GET "/assets/jquery.js?body=1" for 127.0.0.1 at 2013-06-04 21:50:09 -0400
Served asset /jquery.js - 304 Not Modified (0ms)


Started GET "/assets/jquery_ujs.js?body=1" for 127.0.0.1 at 2013-06-04 21:50:09 -0400
Served asset /jquery_ujs.js - 304 Not Modified (0ms)


Started GET "/assets/static_pages.js?body=1" for 127.0.0.1 at 2013-06-04 21:50:09 -0400
Served asset /static_pages.js - 304 Not Modified (0ms)


Started GET "/assets/application.js?body=1" for 127.0.0.1 at 2013-06-04 21:50:09 -0400
Served asset /application.js - 304 Not Modified (0ms)


Started GET "/static_pages/home" for 127.0.0.1 at 2013-06-04 21:50:10 -0400
Processing by StaticPagesController#home as HTML
  Rendered static_pages/home.html.erb within layouts/application (0.0ms)
Completed 200 OK in 6ms (Views: 6.0ms | ActiveRecord: 0.0ms)


Started GET "/assets/application.css?body=1" for 127.0.0.1 at 2013-06-04 21:50:10 -0400
Served asset /application.css - 304 Not Modified (0ms)


Started GET "/assets/static_pages.css?body=1" for 127.0.0.1 at 2013-06-04 21:50:10 -0400
Served asset /static_pages.css - 304 Not Modified (0ms)


Started GET "/assets/jquery.js?body=1" for 127.0.0.1 at 2013-06-04 21:50:10 -0400
Served asset /jquery.js - 304 Not Modified (0ms)


Started GET "/assets/jquery_ujs.js?body=1" for 127.0.0.1 at 2013-06-04 21:50:10 -0400
Served asset /jquery_ujs.js - 304 Not Modified (0ms)


Started GET "/assets/static_pages.js?body=1" for 127.0.0.1 at 2013-06-04 21:50:10 -0400
Served asset /static_pages.js - 304 Not Modified (0ms)


Started GET "/assets/application.js?body=1" for 127.0.0.1 at 2013-06-04 21:50:10 -0400
Served asset /application.js - 304 Not Modified (0ms)


Started GET "/static_pages/home" for 127.0.0.1 at 2013-06-04 21:50:11 -0400
Processing by StaticPagesController#home as HTML
  Rendered static_pages/home.html.erb within layouts/application (0.0ms)
Completed 200 OK in 6ms (Views: 6.0ms | ActiveRecord: 0.0ms)


Started GET "/assets/application.css?body=1" for 127.0.0.1 at 2013-06-04 21:50:11 -0400
Served asset /application.css - 304 Not Modified (0ms)


Started GET "/assets/static_pages.css?body=1" for 127.0.0.1 at 2013-06-04 21:50:11 -0400
Served asset /static_pages.css - 304 Not Modified (0ms)


Started GET "/assets/jquery.js?body=1" for 127.0.0.1 at 2013-06-04 21:50:11 -0400
Served asset /jquery.js - 304 Not Modified (0ms)


Started GET "/assets/jquery_ujs.js?body=1" for 127.0.0.1 at 2013-06-04 21:50:11 -0400
Served asset /jquery_ujs.js - 304 Not Modified (0ms)


Started GET "/assets/static_pages.js?body=1" for 127.0.0.1 at 2013-06-04 21:50:11 -0400
Served asset /static_pages.js - 304 Not Modified (0ms)


Started GET "/assets/application.js?body=1" for 127.0.0.1 at 2013-06-04 21:50:11 -0400
Served asset /application.js - 304 Not Modified (0ms)


Started GET "/static_pages/home" for 127.0.0.1 at 2013-06-04 21:50:11 -0400
Processing by StaticPagesController#home as HTML
  Rendered static_pages/home.html.erb within layouts/application (0.0ms)
Completed 200 OK in 6ms (Views: 6.0ms | ActiveRecord: 0.0ms)


Started GET "/assets/application.css?body=1" for 127.0.0.1 at 2013-06-04 21:50:11 -0400
Served asset /application.css - 304 Not Modified (0ms)


Started GET "/assets/static_pages.css?body=1" for 127.0.0.1 at 2013-06-04 21:50:11 -0400
Served asset /static_pages.css - 304 Not Modified (0ms)


Started GET "/assets/jquery.js?body=1" for 127.0.0.1 at 2013-06-04 21:50:11 -0400
Served asset /jquery.js - 304 Not Modified (0ms)


Started GET "/assets/jquery_ujs.js?body=1" for 127.0.0.1 at 2013-06-04 21:50:11 -0400
Served asset /jquery_ujs.js - 304 Not Modified (0ms)


Started GET "/assets/static_pages.js?body=1" for 127.0.0.1 at 2013-06-04 21:50:11 -0400
Served asset /static_pages.js - 304 Not Modified (0ms)


Started GET "/assets/application.js?body=1" for 127.0.0.1 at 2013-06-04 21:50:11 -0400
Served asset /application.js - 304 Not Modified (0ms)


Started GET "/static_pages/home" for 127.0.0.1 at 2013-06-04 21:50:12 -0400
Processing by StaticPagesController#home as HTML
  Rendered static_pages/home.html.erb within layouts/application (0.0ms)
Completed 200 OK in 6ms (Views: 6.0ms | ActiveRecord: 0.0ms)


Started GET "/assets/application.css?body=1" for 127.0.0.1 at 2013-06-04 21:50:12 -0400
Served asset /application.css - 304 Not Modified (0ms)


Started GET "/assets/static_pages.css?body=1" for 127.0.0.1 at 2013-06-04 21:50:12 -0400
Served asset /static_pages.css - 304 Not Modified (0ms)


Started GET "/assets/jquery.js?body=1" for 127.0.0.1 at 2013-06-04 21:50:12 -0400
Served asset /jquery.js - 304 Not Modified (0ms)


Started GET "/assets/jquery_ujs.js?body=1" for 127.0.0.1 at 2013-06-04 21:50:12 -0400
Served asset /jquery_ujs.js - 304 Not Modified (0ms)


Started GET "/assets/static_pages.js?body=1" for 127.0.0.1 at 2013-06-04 21:50:12 -0400
Served asset /static_pages.js - 304 Not Modified (0ms)


Started GET "/assets/application.js?body=1" for 127.0.0.1 at 2013-06-04 21:50:12 -0400
Served asset /application.js - 304 Not Modified (0ms)


Started GET "/static_pages/home" for 127.0.0.1 at 2013-06-04 21:50:13 -0400
Processing by StaticPagesController#home as HTML
  Rendered static_pages/home.html.erb within layouts/application (0.0ms)
Completed 200 OK in 15ms (Views: 15.0ms | ActiveRecord: 0.0ms)


Started GET "/assets/application.css?body=1" for 127.0.0.1 at 2013-06-04 21:50:13 -0400
Served asset /application.css - 304 Not Modified (0ms)


Started GET "/assets/static_pages.css?body=1" for 127.0.0.1 at 2013-06-04 21:50:13 -0400
Served asset /static_pages.css - 304 Not Modified (0ms)


Started GET "/assets/jquery.js?body=1" for 127.0.0.1 at 2013-06-04 21:50:13 -0400
Served asset /jquery.js - 304 Not Modified (0ms)


Started GET "/assets/jquery_ujs.js?body=1" for 127.0.0.1 at 2013-06-04 21:50:13 -0400
Served asset /jquery_ujs.js - 304 Not Modified (0ms)


Started GET "/assets/static_pages.js?body=1" for 127.0.0.1 at 2013-06-04 21:50:13 -0400
Served asset /static_pages.js - 304 Not Modified (0ms)


Started GET "/assets/application.js?body=1" for 127.0.0.1 at 2013-06-04 21:50:13 -0400
Served asset /application.js - 304 Not Modified (0ms)


Started GET "/static_pages/home" for 127.0.0.1 at 2013-06-04 21:50:14 -0400
Processing by StaticPagesController#home as HTML
  Rendered static_pages/home.html.erb within layouts/application (0.0ms)
Completed 200 OK in 5ms (Views: 5.0ms | ActiveRecord: 0.0ms)


Started GET "/assets/application.css?body=1" for 127.0.0.1 at 2013-06-04 21:50:14 -0400
Served asset /application.css - 304 Not Modified (0ms)


Started GET "/assets/static_pages.css?body=1" for 127.0.0.1 at 2013-06-04 21:50:14 -0400
Served asset /static_pages.css - 304 Not Modified (0ms)


Started GET "/assets/jquery.js?body=1" for 127.0.0.1 at 2013-06-04 21:50:14 -0400
Served asset /jquery.js - 304 Not Modified (0ms)


Started GET "/assets/jquery_ujs.js?body=1" for 127.0.0.1 at 2013-06-04 21:50:14 -0400
Served asset /jquery_ujs.js - 304 Not Modified (0ms)


Started GET "/assets/static_pages.js?body=1" for 127.0.0.1 at 2013-06-04 21:50:14 -0400
Served asset /static_pages.js - 304 Not Modified (0ms)


Started GET "/assets/application.js?body=1" for 127.0.0.1 at 2013-06-04 21:50:14 -0400
Served asset /application.js - 304 Not Modified (0ms)


Started GET "/static_pages/home" for 127.0.0.1 at 2013-06-04 21:50:16 -0400
Processing by StaticPagesController#home as HTML
  Rendered static_pages/home.html.erb within layouts/application (0.0ms)
Completed 200 OK in 6ms (Views: 6.0ms | ActiveRecord: 0.0ms)


Started GET "/assets/application.css?body=1" for 127.0.0.1 at 2013-06-04 21:50:16 -0400
Served asset /application.css - 304 Not Modified (1ms)


Started GET "/assets/static_pages.css?body=1" for 127.0.0.1 at 2013-06-04 21:50:16 -0400
Served asset /static_pages.css - 304 Not Modified (0ms)


Started GET "/assets/jquery.js?body=1" for 127.0.0.1 at 2013-06-04 21:50:16 -0400
Served asset /jquery.js - 304 Not Modified (0ms)


Started GET "/assets/jquery_ujs.js?body=1" for 127.0.0.1 at 2013-06-04 21:50:16 -0400
Served asset /jquery_ujs.js - 304 Not Modified (0ms)


Started GET "/assets/static_pages.js?body=1" for 127.0.0.1 at 2013-06-04 21:50:16 -0400
Served asset /static_pages.js - 304 Not Modified (0ms)


Started GET "/assets/application.js?body=1" for 127.0.0.1 at 2013-06-04 21:50:16 -0400
Served asset /application.js - 304 Not Modified (0ms)


Started GET "/static_pages/home" for 127.0.0.1 at 2013-06-04 21:50:16 -0400
Processing by StaticPagesController#home as HTML
  Rendered static_pages/home.html.erb within layouts/application (0.0ms)
Completed 200 OK in 6ms (Views: 6.0ms | ActiveRecord: 0.0ms)


Started GET "/assets/application.css?body=1" for 127.0.0.1 at 2013-06-04 21:50:16 -0400
Served asset /application.css - 304 Not Modified (1ms)


Started GET "/assets/static_pages.css?body=1" for 127.0.0.1 at 2013-06-04 21:50:16 -0400
Served asset /static_pages.css - 304 Not Modified (0ms)


Started GET "/assets/jquery.js?body=1" for 127.0.0.1 at 2013-06-04 21:50:16 -0400
Served asset /jquery.js - 304 Not Modified (0ms)


Started GET "/assets/jquery_ujs.js?body=1" for 127.0.0.1 at 2013-06-04 21:50:16 -0400
Served asset /jquery_ujs.js - 304 Not Modified (0ms)


Started GET "/assets/static_pages.js?body=1" for 127.0.0.1 at 2013-06-04 21:50:16 -0400
Served asset /static_pages.js - 304 Not Modified (0ms)


Started GET "/static_pages/home" for 127.0.0.1 at 2013-06-04 21:50:16 -0400
Processing by StaticPagesController#home as HTML
  Rendered static_pages/home.html.erb within layouts/application (0.0ms)
Completed 200 OK in 8ms (Views: 8.0ms | ActiveRecord: 0.0ms)


Started GET "/assets/application.css?body=1" for 127.0.0.1 at 2013-06-04 21:50:17 -0400
Served asset /application.css - 304 Not Modified (0ms)


Started GET "/assets/static_pages.css?body=1" for 127.0.0.1 at 2013-06-04 21:50:17 -0400
Served asset /static_pages.css - 304 Not Modified (0ms)


Started GET "/assets/jquery.js?body=1" for 127.0.0.1 at 2013-06-04 21:50:17 -0400
Served asset /jquery.js - 304 Not Modified (0ms)


Started GET "/assets/jquery_ujs.js?body=1" for 127.0.0.1 at 2013-06-04 21:50:17 -0400
Served asset /jquery_ujs.js - 304 Not Modified (0ms)


Started GET "/assets/application.js?body=1" for 127.0.0.1 at 2013-06-04 21:50:17 -0400
Served asset /application.js - 200 OK (1ms)


Started GET "/assets/static_pages.js?body=1" for 127.0.0.1 at 2013-06-04 21:50:17 -0400
Served asset /static_pages.js - 304 Not Modified (0ms)


Started GET "/static_pages/home" for 127.0.0.1 at 2013-06-04 21:50:17 -0400
Processing by StaticPagesController#home as HTML
  Rendered static_pages/home.html.erb within layouts/application (0.0ms)
Completed 200 OK in 6ms (Views: 6.0ms | ActiveRecord: 0.0ms)


Started GET "/assets/application.css?body=1" for 127.0.0.1 at 2013-06-04 21:50:17 -0400
Served asset /application.css - 304 Not Modified (0ms)


Started GET "/assets/static_pages.css?body=1" for 127.0.0.1 at 2013-06-04 21:50:17 -0400
Served asset /static_pages.css - 304 Not Modified (0ms)


Started GET "/assets/jquery.js?body=1" for 127.0.0.1 at 2013-06-04 21:50:17 -0400
Served asset /jquery.js - 304 Not Modified (0ms)


Started GET "/assets/static_pages.js?body=1" for 127.0.0.1 at 2013-06-04 21:50:17 -0400
Served asset /static_pages.js - 200 OK (0ms)


Started GET "/assets/jquery_ujs.js?body=1" for 127.0.0.1 at 2013-06-04 21:50:17 -0400
Served asset /jquery_ujs.js - 304 Not Modified (0ms)


Started GET "/static_pages/home" for 127.0.0.1 at 2013-06-04 21:50:17 -0400
Processing by StaticPagesController#home as HTML
  Rendered static_pages/home.html.erb within layouts/application (0.0ms)
Completed 200 OK in 6ms (Views: 6.0ms | ActiveRecord: 0.0ms)


Started GET "/assets/application.css?body=1" for 127.0.0.1 at 2013-06-04 21:50:17 -0400
Served asset /application.css - 304 Not Modified (0ms)


Started GET "/assets/static_pages.css?body=1" for 127.0.0.1 at 2013-06-04 21:50:17 -0400
Served asset /static_pages.css - 304 Not Modified (0ms)


Started GET "/assets/jquery.js?body=1" for 127.0.0.1 at 2013-06-04 21:50:17 -0400
Served asset /jquery.js - 200 OK (0ms)


Started GET "/assets/jquery_ujs.js?body=1" for 127.0.0.1 at 2013-06-04 21:50:17 -0400
Served asset /jquery_ujs.js - 200 OK (0ms)


Started GET "/assets/static_pages.js?body=1" for 127.0.0.1 at 2013-06-04 21:50:17 -0400
Served asset /static_pages.js - 200 OK (0ms)


Started GET "/assets/application.js?body=1" for 127.0.0.1 at 2013-06-04 21:50:17 -0400
Served asset /application.js - 200 OK (0ms)


Started GET "/static_pages/home" for 127.0.0.1 at 2013-06-04 21:50:17 -0400
Processing by StaticPagesController#home as HTML
  Rendered static_pages/home.html.erb within layouts/application (0.0ms)
Completed 200 OK in 7ms (Views: 7.0ms | ActiveRecord: 0.0ms)


Started GET "/assets/application.css?body=1" for 127.0.0.1 at 2013-06-04 21:50:17 -0400
Served asset /application.css - 304 Not Modified (0ms)


Started GET "/assets/static_pages.css?body=1" for 127.0.0.1 at 2013-06-04 21:50:17 -0400
Served asset /static_pages.css - 304 Not Modified (0ms)


Started GET "/assets/jquery.js?body=1" for 127.0.0.1 at 2013-06-04 21:50:17 -0400
Served asset /jquery.js - 200 OK (0ms)


Started GET "/assets/jquery_ujs.js?body=1" for 127.0.0.1 at 2013-06-04 21:50:17 -0400
Served asset /jquery_ujs.js - 200 OK (0ms)


Started GET "/assets/static_pages.js?body=1" for 127.0.0.1 at 2013-06-04 21:50:17 -0400
Served asset /static_pages.js - 200 OK (0ms)


Started GET "/assets/application.js?body=1" for 127.0.0.1 at 2013-06-04 21:50:17 -0400
Served asset /application.js - 200 OK (0ms)


Started GET "/static_pages/home" for 127.0.0.1 at 2013-06-04 21:50:17 -0400
Processing by StaticPagesController#home as HTML
  Rendered static_pages/home.html.erb within layouts/application (0.0ms)
Completed 200 OK in 6ms (Views: 6.0ms | ActiveRecord: 0.0ms)


Started GET "/static_pages/home" for 127.0.0.1 at 2013-06-04 21:50:17 -0400
Processing by StaticPagesController#home as HTML
  Rendered static_pages/home.html.erb within layouts/application (0.0ms)
Completed 200 OK in 5ms (Views: 5.0ms | ActiveRecord: 0.0ms)


Started GET "/assets/application.css?body=1" for 127.0.0.1 at 2013-06-04 21:50:17 -0400
Served asset /application.css - 304 Not Modified (0ms)


Started GET "/assets/static_pages.css?body=1" for 127.0.0.1 at 2013-06-04 21:50:17 -0400
Served asset /static_pages.css - 304 Not Modified (0ms)


Started GET "/assets/jquery.js?body=1" for 127.0.0.1 at 2013-06-04 21:50:17 -0400
Served asset /jquery.js - 200 OK (0ms)


Started GET "/assets/jquery_ujs.js?body=1" for 127.0.0.1 at 2013-06-04 21:50:18 -0400
Served asset /jquery_ujs.js - 200 OK (0ms)


Started GET "/assets/static_pages.js?body=1" for 127.0.0.1 at 2013-06-04 21:50:18 -0400
Served asset /static_pages.js - 200 OK (0ms)


Started GET "/assets/application.js?body=1" for 127.0.0.1 at 2013-06-04 21:50:18 -0400
Served asset /application.js - 200 OK (0ms)


Started GET "/static_pages/home" for 127.0.0.1 at 2013-06-04 21:50:18 -0400
Processing by StaticPagesController#home as HTML
  Rendered static_pages/home.html.erb within layouts/application (0.0ms)
Completed 200 OK in 6ms (Views: 6.0ms | ActiveRecord: 0.0ms)


Started GET "/assets/application.css?body=1" for 127.0.0.1 at 2013-06-04 21:50:18 -0400
Served asset /application.css - 304 Not Modified (0ms)


Started GET "/assets/static_pages.css?body=1" for 127.0.0.1 at 2013-06-04 21:50:18 -0400
Served asset /static_pages.css - 304 Not Modified (0ms)


Started GET "/assets/jquery.js?body=1" for 127.0.0.1 at 2013-06-04 21:50:18 -0400
Served asset /jquery.js - 304 Not Modified (0ms)


Started GET "/assets/jquery_ujs.js?body=1" for 127.0.0.1 at 2013-06-04 21:50:18 -0400
Served asset /jquery_ujs.js - 304 Not Modified (1ms)


Started GET "/assets/static_pages.js?body=1" for 127.0.0.1 at 2013-06-04 21:50:18 -0400
Served asset /static_pages.js - 304 Not Modified (0ms)


Started GET "/assets/application.js?body=1" for 127.0.0.1 at 2013-06-04 21:50:18 -0400
Served asset /application.js - 200 OK (0ms)


Started GET "/static_pages/home" for 127.0.0.1 at 2013-06-04 21:50:18 -0400
Processing by StaticPagesController#home as HTML
  Rendered static_pages/home.html.erb within layouts/application (0.0ms)
Completed 200 OK in 6ms (Views: 6.0ms | ActiveRecord: 0.0ms)


Started GET "/assets/application.css?body=1" for 127.0.0.1 at 2013-06-04 21:50:18 -0400
Served asset /application.css - 304 Not Modified (1ms)


Started GET "/assets/static_pages.css?body=1" for 127.0.0.1 at 2013-06-04 21:50:18 -0400
Served asset /static_pages.css - 304 Not Modified (0ms)


Started GET "/assets/jquery.js?body=1" for 127.0.0.1 at 2013-06-04 21:50:18 -0400
Served asset /jquery.js - 304 Not Modified (0ms)


Started GET "/static_pages/home" for 127.0.0.1 at 2013-06-04 21:50:18 -0400
Processing by StaticPagesController#home as HTML
  Rendered static_pages/home.html.erb within layouts/application (0.0ms)
Completed 200 OK in 6ms (Views: 6.0ms | ActiveRecord: 0.0ms)


Started GET "/assets/application.css?body=1" for 127.0.0.1 at 2013-06-04 21:50:18 -0400
Served asset /application.css - 304 Not Modified (0ms)


Started GET "/assets/static_pages.css?body=1" for 127.0.0.1 at 2013-06-04 21:50:18 -0400
Served asset /static_pages.css - 200 OK (0ms)


Started GET "/assets/jquery.js?body=1" for 127.0.0.1 at 2013-06-04 21:50:18 -0400
Served asset /jquery.js - 200 OK (0ms)


Started GET "/static_pages/home" for 127.0.0.1 at 2013-06-04 21:50:18 -0400
Processing by StaticPagesController#home as HTML
  Rendered static_pages/home.html.erb within layouts/application (0.0ms)
Completed 200 OK in 6ms (Views: 6.0ms | ActiveRecord: 0.0ms)


Started GET "/assets/application.css?body=1" for 127.0.0.1 at 2013-06-04 21:50:18 -0400
Served asset /application.css - 304 Not Modified (0ms)


Started GET "/assets/static_pages.css?body=1" for 127.0.0.1 at 2013-06-04 21:50:18 -0400
Served asset /static_pages.css - 200 OK (0ms)


Started GET "/assets/jquery.js?body=1" for 127.0.0.1 at 2013-06-04 21:50:18 -0400
Served asset /jquery.js - 200 OK (0ms)


Started GET "/assets/jquery_ujs.js?body=1" for 127.0.0.1 at 2013-06-04 21:50:18 -0400
Served asset /jquery_ujs.js - 200 OK (0ms)


Started GET "/static_pages/home" for 127.0.0.1 at 2013-06-04 21:50:18 -0400
Processing by StaticPagesController#home as HTML
  Rendered static_pages/home.html.erb within layouts/application (0.0ms)
Completed 200 OK in 5ms (Views: 5.0ms | ActiveRecord: 0.0ms)


Started GET "/assets/static_pages.css?body=1" for 127.0.0.1 at 2013-06-04 21:50:18 -0400
Served asset /static_pages.css - 200 OK (0ms)


Started GET "/assets/application.css?body=1" for 127.0.0.1 at 2013-06-04 21:50:18 -0400
Served asset /application.css - 304 Not Modified (1ms)


Started GET "/assets/jquery.js?body=1" for 127.0.0.1 at 2013-06-04 21:50:18 -0400
Served asset /jquery.js - 200 OK (0ms)


Started GET "/assets/jquery_ujs.js?body=1" for 127.0.0.1 at 2013-06-04 21:50:18 -0400
Served asset /jquery_ujs.js - 200 OK (0ms)


Started GET "/assets/static_pages.js?body=1" for 127.0.0.1 at 2013-06-04 21:50:18 -0400
Served asset /static_pages.js - 200 OK (0ms)


Started GET "/assets/application.js?body=1" for 127.0.0.1 at 2013-06-04 21:50:19 -0400
Served asset /application.js - 200 OK (0ms)
Connecting to database specified by database.yml


Started GET "/assets/rails.png" for 127.0.0.1 at 2013-06-07 19:15:52 -0400
Served asset /rails.png - 304 Not Modified (31ms)


Started GET "/about" for 127.0.0.1 at 2013-06-07 19:15:58 -0400

ActionController::RoutingError (No route matches [GET] "/about"):
  actionpack (3.2.13) lib/action_dispatch/middleware/debug_exceptions.rb:21:in `call'
  actionpack (3.2.13) lib/action_dispatch/middleware/show_exceptions.rb:56:in `call'
  railties (3.2.13) lib/rails/rack/logger.rb:32:in `call_app'
  railties (3.2.13) lib/rails/rack/logger.rb:16:in `block in call'
  activesupport (3.2.13) lib/active_support/tagged_logging.rb:22:in `tagged'
  railties (3.2.13) lib/rails/rack/logger.rb:16:in `call'
  actionpack (3.2.13) lib/action_dispatch/middleware/request_id.rb:22:in `call'
  rack (1.4.5) lib/rack/methodoverride.rb:21:in `call'
  rack (1.4.5) lib/rack/runtime.rb:17:in `call'
  activesupport (3.2.13) lib/active_support/cache/strategy/local_cache.rb:72:in `call'
  rack (1.4.5) lib/rack/lock.rb:15:in `call'
  actionpack (3.2.13) lib/action_dispatch/middleware/static.rb:63:in `call'
  railties (3.2.13) lib/rails/engine.rb:479:in `call'
  railties (3.2.13) lib/rails/application.rb:223:in `call'
  rack (1.4.5) lib/rack/content_length.rb:14:in `call'
  railties (3.2.13) lib/rails/rack/log_tailer.rb:17:in `call'
  rack (1.4.5) lib/rack/handler/webrick.rb:59:in `service'
  C:/RailsInstaller/Ruby1.9.3/lib/ruby/1.9.1/webrick/httpserver.rb:138:in `service'
  C:/RailsInstaller/Ruby1.9.3/lib/ruby/1.9.1/webrick/httpserver.rb:94:in `run'
  C:/RailsInstaller/Ruby1.9.3/lib/ruby/1.9.1/webrick/server.rb:191:in `block in start_thread'


  Rendered C:/RailsInstaller/Ruby1.9.3/lib/ruby/gems/1.9.1/gems/actionpack-3.2.13/lib/action_dispatch/middleware/templates/rescues/routing_error.erb within rescues/layout (5.0ms)


Started GET "/home" for 127.0.0.1 at 2013-06-07 19:16:06 -0400

ActionController::RoutingError (No route matches [GET] "/home"):
  actionpack (3.2.13) lib/action_dispatch/middleware/debug_exceptions.rb:21:in `call'
  actionpack (3.2.13) lib/action_dispatch/middleware/show_exceptions.rb:56:in `call'
  railties (3.2.13) lib/rails/rack/logger.rb:32:in `call_app'
  railties (3.2.13) lib/rails/rack/logger.rb:16:in `block in call'
  activesupport (3.2.13) lib/active_support/tagged_logging.rb:22:in `tagged'
  railties (3.2.13) lib/rails/rack/logger.rb:16:in `call'
  actionpack (3.2.13) lib/action_dispatch/middleware/request_id.rb:22:in `call'
  rack (1.4.5) lib/rack/methodoverride.rb:21:in `call'
  rack (1.4.5) lib/rack/runtime.rb:17:in `call'
  activesupport (3.2.13) lib/active_support/cache/strategy/local_cache.rb:72:in `call'
  rack (1.4.5) lib/rack/lock.rb:15:in `call'
  actionpack (3.2.13) lib/action_dispatch/middleware/static.rb:63:in `call'
  railties (3.2.13) lib/rails/engine.rb:479:in `call'
  railties (3.2.13) lib/rails/application.rb:223:in `call'
  rack (1.4.5) lib/rack/content_length.rb:14:in `call'
  railties (3.2.13) lib/rails/rack/log_tailer.rb:17:in `call'
  rack (1.4.5) lib/rack/handler/webrick.rb:59:in `service'
  C:/RailsInstaller/Ruby1.9.3/lib/ruby/1.9.1/webrick/httpserver.rb:138:in `service'
  C:/RailsInstaller/Ruby1.9.3/lib/ruby/1.9.1/webrick/httpserver.rb:94:in `run'
  C:/RailsInstaller/Ruby1.9.3/lib/ruby/1.9.1/webrick/server.rb:191:in `block in start_thread'


  Rendered C:/RailsInstaller/Ruby1.9.3/lib/ruby/gems/1.9.1/gems/actionpack-3.2.13/lib/action_dispatch/middleware/templates/rescues/routing_error.erb within rescues/layout (1.0ms)


Started GET "/static_pages/home" for 127.0.0.1 at 2013-06-07 19:16:35 -0400
Processing by StaticPagesController#home as HTML
  Rendered static_pages/home.html.erb within layouts/application (0.0ms)
Completed 200 OK in 77ms (Views: 77.0ms | ActiveRecord: 0.0ms)


Started GET "/assets/application.css?body=1" for 127.0.0.1 at 2013-06-07 19:16:35 -0400
Served asset /application.css - 304 Not Modified (3ms)


Started GET "/assets/static_pages.css?body=1" for 127.0.0.1 at 2013-06-07 19:16:35 -0400
Served asset /static_pages.css - 200 OK (1ms)


Started GET "/assets/jquery.js?body=1" for 127.0.0.1 at 2013-06-07 19:16:35 -0400
Served asset /jquery.js - 200 OK (12ms)


Started GET "/assets/jquery_ujs.js?body=1" for 127.0.0.1 at 2013-06-07 19:16:35 -0400
Served asset /jquery_ujs.js - 200 OK (2ms)


Started GET "/assets/static_pages.js?body=1" for 127.0.0.1 at 2013-06-07 19:16:35 -0400
Served asset /static_pages.js - 200 OK (1ms)


Started GET "/assets/application.js?body=1" for 127.0.0.1 at 2013-06-07 19:16:35 -0400
Served asset /application.js - 200 OK (3ms)


Started GET "/static_pages/help" for 127.0.0.1 at 2013-06-07 19:17:35 -0400
Processing by StaticPagesController#help as HTML
  Rendered static_pages/help.html.erb within layouts/application (0.0ms)
Completed 200 OK in 7ms (Views: 7.0ms | ActiveRecord: 0.0ms)


Started GET "/assets/application.css?body=1" for 127.0.0.1 at 2013-06-07 19:17:35 -0400
Served asset /application.css - 304 Not Modified (0ms)


Started GET "/assets/static_pages.css?body=1" for 127.0.0.1 at 2013-06-07 19:17:35 -0400
Served asset /static_pages.css - 304 Not Modified (0ms)


Started GET "/assets/jquery.js?body=1" for 127.0.0.1 at 2013-06-07 19:17:35 -0400
Served asset /jquery.js - 304 Not Modified (0ms)


Started GET "/assets/jquery_ujs.js?body=1" for 127.0.0.1 at 2013-06-07 19:17:35 -0400
Served asset /jquery_ujs.js - 304 Not Modified (0ms)


Started GET "/assets/static_pages.js?body=1" for 127.0.0.1 at 2013-06-07 19:17:35 -0400
Served asset /static_pages.js - 304 Not Modified (0ms)


Started GET "/assets/application.js?body=1" for 127.0.0.1 at 2013-06-07 19:17:35 -0400
Served asset /application.js - 304 Not Modified (0ms)
Connecting to database specified by database.yml


Started GET "/static_pages/about" for 127.0.0.1 at 2013-06-07 19:24:15 -0400
Processing by StaticPagesController#about as HTML
  Rendered static_pages/about.html.erb within layouts/application (3.0ms)
Completed 200 OK in 50ms (Views: 50.0ms | ActiveRecord: 0.0ms)


Started GET "/assets/application.css?body=1" for 127.0.0.1 at 2013-06-07 19:24:15 -0400
Served asset /application.css - 304 Not Modified (3ms)


Started GET "/assets/static_pages.css?body=1" for 127.0.0.1 at 2013-06-07 19:24:15 -0400
Served asset /static_pages.css - 304 Not Modified (0ms)


Started GET "/assets/jquery.js?body=1" for 127.0.0.1 at 2013-06-07 19:24:15 -0400
Served asset /jquery.js - 304 Not Modified (2ms)


Started GET "/assets/jquery_ujs.js?body=1" for 127.0.0.1 at 2013-06-07 19:24:15 -0400
Served asset /jquery_ujs.js - 304 Not Modified (2ms)


Started GET "/assets/static_pages.js?body=1" for 127.0.0.1 at 2013-06-07 19:24:15 -0400
Served asset /static_pages.js - 304 Not Modified (2ms)


Started GET "/assets/application.js?body=1" for 127.0.0.1 at 2013-06-07 19:24:15 -0400
Served asset /application.js - 304 Not Modified (3ms)
Connecting to database specified by database.yml


Started GET "/assets/application.css" for 127.0.0.1 at 2013-06-07 19:32:41 -0400
Served asset /application.css - 200 OK (3ms)
Connecting to database specified by database.yml
